<?xml version="1.0" encoding="UTF-8"?>
<!-- Generated by org.testng.reporters.JUnitReportReporter -->
<testsuite skipped="0" hostname="DESKTOP-ADGCHK6" name="com.ebanking.scripts.Sample" tests="2" failures="0" timestamp="2023-11-23T16:12:01 IST" time="29.457" errors="0">
  <testcase name="abcd" time="16.386" classname="com.ebanking.scripts.Sample"/>
  <system-out/>
  <testcase name="abc" time="13.071" classname="com.ebanking.scripts.Sample"/>
  <system-out/>
</testsuite> <!-- com.ebanking.scripts.Sample -->
