<?xml version="1.0" encoding="UTF-8"?>
<!-- Generated by org.testng.reporters.JUnitReportReporter -->
<testsuite skipped="0" hostname="DESKTOP-ADGCHK6" name="com.ebanking.master.RoleNg" tests="3" failures="0" timestamp="2023-11-27T16:55:59 IST" time="22.073" errors="0">
  <testcase name="Rol" time="7.393" classname="com.ebanking.master.RoleNg"/>
  <system-out/>
  <testcase name="Rol" time="7.332" classname="com.ebanking.master.RoleNg"/>
  <system-out/>
  <testcase name="Rol" time="7.348" classname="com.ebanking.master.RoleNg"/>
  <system-out/>
</testsuite> <!-- com.ebanking.master.RoleNg -->
