<?xml version="1.0" encoding="UTF-8"?>
<!-- Generated by org.testng.reporters.JUnitReportReporter -->
<testsuite skipped="0" hostname="DESKTOP-ADGCHK6" name="com.ebanking.master.Exepom" tests="3" failures="0" timestamp="2023-11-29T16:42:38 IST" time="58.850" errors="0">
  <testcase name="Rcreation" time="19.679" classname="com.ebanking.master.Exepom"/>
  <system-out/>
  <testcase name="Rcreation" time="19.561" classname="com.ebanking.master.Exepom"/>
  <system-out/>
  <testcase name="Rcreation" time="19.610" classname="com.ebanking.master.Exepom"/>
  <system-out/>
</testsuite> <!-- com.ebanking.master.Exepom -->
